<?xml version="1.0" encoding="UTF-8"?>
<testsuite xmlns:xsi="http://www.w3.org/2001/XMLSchema-instance" xsi:noNamespaceSchemaLocation="https://maven.apache.org/surefire/maven-surefire-plugin/xsd/surefire-test-report-3.0.xsd" version="3.0" name="ru.yandex.praktikum.tests.CreateUserTest" time="3.76" tests="5" errors="0" skipped="0" failures="0">
  <properties>
[...]
</properties>
  <testcase name="cannotCreateUserWithoutPasswordTest" classname="ru.yandex.praktikum.tests.CreateUserTest" time="0.33"/>
  <testcase name="cannotCreateUserWithoutEmailTest" classname="ru.yandex.praktikum.tests.CreateUserTest" time="0.34"/>
  <testcase name="cannotCreateDuplicateUserTest" classname="ru.yandex.praktikum.tests.CreateUserTest" time="1.542"/>
  <testcase name="createUniqueUserSuccessfullyTest" classname="ru.yandex.praktikum.tests.CreateUserTest" time="1.179"/>
  <testcase name="cannotCreateUserWithoutNameTest" classname="ru.yandex.praktikum.tests.CreateUserTest" time="0.357"/>
</testsuite>